2024/08/17 21:38:53 [notice] 1#1: using the "epoll" event method
2024/08/17 21:38:53 [notice] 1#1: nginx/1.27.1
2024/08/17 21:38:53 [notice] 1#1: built by gcc 12.2.0 (Debian 12.2.0-14) 
2024/08/17 21:38:53 [notice] 1#1: OS: Linux 6.8.0-40-generic
2024/08/17 21:38:53 [notice] 1#1: getrlimit(RLIMIT_NOFILE): 1048576:1048576
2024/08/17 21:38:53 [notice] 1#1: start worker processes
2024/08/17 21:38:53 [notice] 1#1: start worker process 29
2024/08/17 21:38:53 [notice] 1#1: start worker process 30
2024/08/17 21:38:53 [notice] 1#1: start worker process 31
2024/08/17 21:38:53 [notice] 1#1: start worker process 32
2024/08/17 21:38:53 [notice] 1#1: start worker process 33
2024/08/17 21:38:53 [notice] 1#1: start worker process 34
2024/08/17 21:38:53 [notice] 1#1: start worker process 35
2024/08/17 21:38:53 [notice] 1#1: start worker process 36
2024/08/17 21:38:53 [notice] 1#1: start worker process 37
2024/08/17 21:38:53 [notice] 1#1: start worker process 38
2024/08/17 21:38:53 [notice] 1#1: start worker process 39
2024/08/17 21:38:53 [notice] 1#1: start worker process 40
2024/08/18 12:51:39 [notice] 1#1: using the "epoll" event method
2024/08/18 12:51:39 [notice] 1#1: nginx/1.27.1
2024/08/18 12:51:39 [notice] 1#1: built by gcc 12.2.0 (Debian 12.2.0-14) 
2024/08/18 12:51:39 [notice] 1#1: OS: Linux 6.8.0-40-generic
2024/08/18 12:51:39 [notice] 1#1: getrlimit(RLIMIT_NOFILE): 1048576:1048576
2024/08/18 12:51:39 [notice] 1#1: start worker processes
2024/08/18 12:51:39 [notice] 1#1: start worker process 28
2024/08/18 12:51:39 [notice] 1#1: start worker process 29
2024/08/18 12:51:39 [notice] 1#1: start worker process 30
2024/08/18 12:51:39 [notice] 1#1: start worker process 31
2024/08/18 12:51:39 [notice] 1#1: start worker process 32
2024/08/18 12:51:39 [notice] 1#1: start worker process 33
2024/08/18 12:51:39 [notice] 1#1: start worker process 34
2024/08/18 12:51:39 [notice] 1#1: start worker process 35
2024/08/18 12:51:39 [notice] 1#1: start worker process 36
2024/08/18 12:51:39 [notice] 1#1: start worker process 37
2024/08/18 12:51:39 [notice] 1#1: start worker process 38
2024/08/18 12:51:39 [notice] 1#1: start worker process 39
2024/08/18 12:57:50 [emerg] 1#1: "server" directive is not allowed here in /etc/nginx/nginx.conf:15
2024/08/18 13:27:13 [emerg] 1#1: getpwnam("www-data") failed in /etc/nginx/nginx.conf:1
